[analysis] batch 200/7911
[analysis] batch 400/7911
[analysis] batch 600/7911
[analysis] batch 800/7911
[analysis] batch 1000/7911
[analysis] batch 1200/7911
[analysis] batch 1400/7911
[analysis] batch 1600/7911
[analysis] batch 1800/7911
[analysis] batch 2000/7911
[analysis] batch 2200/7911
[analysis] batch 2400/7911
[analysis] batch 2600/7911
[analysis] batch 2800/7911
[analysis] batch 3000/7911
[analysis] batch 3200/7911
[analysis] batch 3400/7911
[analysis] batch 3600/7911
[analysis] batch 3800/7911
[analysis] batch 4000/7911
[analysis] batch 4200/7911
[analysis] batch 4400/7911
[analysis] batch 4600/7911
[analysis] batch 4800/7911
[analysis] batch 5000/7911
[analysis] batch 5200/7911
[analysis] batch 5400/7911
[analysis] batch 5600/7911
[analysis] batch 5800/7911
[analysis] batch 6000/7911
[analysis] batch 6200/7911
[analysis] batch 6400/7911
[analysis] batch 6600/7911
[analysis] batch 6800/7911
[analysis] batch 7000/7911
[analysis] batch 7200/7911
[analysis] batch 7400/7911
[analysis] batch 7600/7911
[analysis] batch 7800/7911
inotify_add_watch(/home/bob/.config/ibus/bus/e2ad256fc2f545e38fe973bd621ce78e-unix-0) failed: (No space left on device)
{
  "checkpoint": "outputs/run20/20_wrongpeak_sharp/best.pt",
  "n_test": 126566,
  "default": {
    "det_threshold": 0.5,
    "pick_threshold": 0.3,
    "det": {
      "tp": 101688,
      "fp": 628,
      "fn": 1352,
      "precision": 0.9938621525470113,
      "recall": 0.9868788819875777,
      "f1": 0.9903582072108923
    },
    "p": {
      "tp": 95806,
      "fp": 6445,
      "fn": 7234,
      "precision": 0.9369688316006689,
      "recall": 0.929794254658385,
      "f1": 0.933367756014633
    },
    "s": {
      "tp": 94074,
      "fp": 6630,
      "fn": 8966,
      "precision": 0.9341634890371783,
      "recall": 0.912985248447205,
      "f1": 0.9234529605779803
    }
  },
  "error_breakdown_pick03_det05": {
    "p_tp": 95806,
    "s_tp": 94074,
    "p_fn_wrong_peak": 3778,
    "s_fn_wrong_peak": 6000,
    "s_fn_no_peak": 1614,
    "p_fn_no_peak": 2104,
    "p_fn_missed_det": 1352,
    "s_fn_missed_det": 1352
  },
  "p_wrong_peak_distance": {
    ">1.0s": 2783,
    "0.5-1.0s": 995
  },
  "s_wrong_peak_distance": {
    ">1.0s": 3609,
    "0.5-1.0s": 2391
  },
  "p_mae_sec": 0.06122920276388089,
  "s_mae_sec": 0.09261352764840945,
  "det_threshold_sweep": {
    "0.1": {
      "tp": 102292,
      "fp": 1175,
      "fn": 748,
      "precision": 0.9886437221529569,
      "recall": 0.9927406832298137,
      "f1": 0.9906879669938549
    },
    "0.2": {
      "tp": 102114,
      "fp": 952,
      "fn": 926,
      "precision": 0.9907632002794325,
      "recall": 0.991013198757764,
      "f1": 0.990888183750109
    },
    "0.3": {
      "tp": 101978,
      "fp": 806,
      "fn": 1062,
      "precision": 0.9921583125778332,
      "recall": 0.9896933229813665,
      "f1": 0.9909242848258707
    },
    "0.4": {
      "tp": 101823,
      "fp": 711,
      "fn": 1217,
      "precision": 0.9930657147872901,
      "recall": 0.9881890527950311,
      "f1": 0.9906213820813917
    },
    "0.5": {
      "tp": 101688,
      "fp": 628,
      "fn": 1352,
      "precision": 0.9938621525470113,
      "recall": 0.9868788819875777,
      "f1": 0.9903582072108923
    },
    "0.6": {
      "tp": 101528,
      "fp": 557,
      "fn": 1512,
      "precision": 0.9945437625508154,
      "recall": 0.9853260869565217,
      "f1": 0.989913467397928
    },
    "0.7": {
      "tp": 101313,
      "fp": 496,
      "fn": 1727,
      "precision": 0.9951281320904831,
      "recall": 0.9832395186335404,
      "f1": 0.9891481042133474
    },
    "0.8": {
      "tp": 101009,
      "fp": 423,
      "fn": 2031,
      "precision": 0.995829718432053,
      "recall": 0.9802892080745341,
      "f1": 0.9879983567432217
    },
    "0.9": {
      "tp": 100489,
      "fp": 327,
      "fn": 2551,
      "precision": 0.9967564672274242,
      "recall": 0.9752426242236025,
      "f1": 0.9858821913507575
    },
    "1.0": {
      "tp": 8958,
      "fp": 1,
      "fn": 94082,
      "precision": 0.9998883803995982,
      "recall": 0.08693711180124224,
      "f1": 0.15996571397958909
    }
  },
  "pick_threshold_sweep": {
    "0.1": {
      "0.1": {
        "p_f1": 0.8690542985003612,
        "s_f1": 0.8967143740193049,
        "p_recall": 0.9395089285714285,
        "s_recall": 0.9151203416149069
      },
      "0.2": {
        "p_f1": 0.9136556804230805,
        "s_f1": 0.9114224971008891,
        "p_recall": 0.9389266304347826,
        "s_recall": 0.9153144409937888
      },
      "0.3": {
        "p_f1": 0.9355920668870309,
        "s_f1": 0.9254939230200215,
        "p_recall": 0.9339576863354038,
        "s_recall": 0.9167410714285714
      },
      "0.4": {
        "p_f1": 0.9420625781485527,
        "s_f1": 0.9345882166848736,
        "p_recall": 0.9249611801242236,
        "s_recall": 0.9174592391304348
      },
      "0.5": {
        "p_f1": 0.9427100273714866,
        "s_f1": 0.9394861780193394,
        "p_recall": 0.9141789596273292,
        "s_recall": 0.9151009316770187
      },
      "0.6": {
        "p_f1": 0.9390269832430518,
        "s_f1": 0.9397780582358295,
        "p_recall": 0.9000679347826087,
        "s_recall": 0.9069487577639752
      },
      "0.7": {
        "p_f1": 0.9299406241653483,
        "s_f1": 0.9293749583971245,
        "p_recall": 0.8785520186335404,
        "s_recall": 0.880755046583851
      },
      "0.8": {
        "p_f1": 0.9106078915567698,
        "s_f1": 0.8914471926919173,
        "p_recall": 0.8410131987577639,
        "s_recall": 0.8097340838509317
      },
      "0.9": {
        "p_f1": 0.8474841100217075,
        "s_f1": 0.7528880081202571,
        "p_recall": 0.7369468167701864,
        "s_recall": 0.6046777950310559
      },
      "1.0": {
        "p_f1": 0.0,
        "s_f1": 0.0,
        "p_recall": 0.0,
        "s_recall": 0.0
      }
    },
    "0.2": {
      "0.1": {
        "p_f1": 0.8684193980113357,
        "s_f1": 0.8961527666113234,
        "p_recall": 0.9382958074534161,
        "s_recall": 0.9140819099378882
      },
      "0.2": {
        "p_f1": 0.9130141031395431,
        "s_f1": 0.9108594025709079,
        "p_recall": 0.9377135093167702,
        "s_recall": 0.9142760093167702
      },
      "0.3": {
        "p_f1": 0.9349552765847751,
        "s_f1": 0.9249356696483273,
        "p_recall": 0.9327639751552795,
        "s_recall": 0.9157123447204969
      },
      "0.4": {
        "p_f1": 0.9414452504932722,
        "s_f1": 0.9340454995054401,
        "p_recall": 0.9238159937888198,
        "s_recall": 0.9164596273291925
      },
      "0.5": {
        "p_f1": 0.9421118509988484,
        "s_f1": 0.9389628773077077,
        "p_recall": 0.913082298136646,
        "s_recall": 0.9141401397515528
      },
      "0.6": {
        "p_f1": 0.9384573304157551,
        "s_f1": 0.9393140638047425,
        "p_recall": 0.8990392080745342,
        "s_recall": 0.9061044254658385
      },
      "0.7": {
        "p_f1": 0.9294127320191576,
        "s_f1": 0.9290239967218993,
        "p_recall": 0.8776203416149069,
        "s_recall": 0.8801339285714286
      },
      "0.8": {
        "p_f1": 0.9101326170714913,
        "s_f1": 0.8912280326791449,
        "p_recall": 0.8402076863354038,
        "s_recall": 0.809375
      },
      "0.9": {
        "p_f1": 0.8471238382316002,
        "s_f1": 0.7527900470697707,
        "p_recall": 0.7364033385093167,
        "s_recall": 0.6045516304347827
      },
      "1.0": {
        "p_f1": 0.0,
        "s_f1": 0.0,
        "p_recall": 0.0,
        "s_recall": 0.0
      }
    },
    "0.3": {
      "0.1": {
        "p_f1": 0.8679669142258944,
        "s_f1": 0.895711477781638,
        "p_recall": 0.9374320652173913,
        "s_recall": 0.9132666925465839
      },
      "0.2": {
        "p_f1": 0.912556838055264,
        "s_f1": 0.910416938709381,
        "p_recall": 0.9368497670807453,
        "s_recall": 0.9134607919254658
      },
      "0.3": {
        "p_f1": 0.9344940342955018,
        "s_f1": 0.9244770469456403,
        "p_recall": 0.9319002329192546,
        "s_recall": 0.9148680124223603
      },
      "0.4": {
        "p_f1": 0.9409948796596335,
        "s_f1": 0.933581380620646,
        "p_recall": 0.9229813664596274,
        "s_recall": 0.9156055900621118
      },
      "0.5": {
        "p_f1": 0.941677352139766,
        "s_f1": 0.9385025804682241,
        "p_recall": 0.9122864906832299,
        "s_recall": 0.9132958074534161
      },
      "0.6": {
        "p_f1": 0.938032379842408,
        "s_f1": 0.9389297611739013,
        "p_recall": 0.8982725155279503,
        "s_recall": 0.9054056677018634
      },
      "0.7": {
        "p_f1": 0.9290054595367105,
        "s_f1": 0.9287331823631277,
        "p_recall": 0.8769021739130435,
        "s_recall": 0.8796195652173913
      },
      "0.8": {
        "p_f1": 0.9097945191074096,
        "s_f1": 0.8910265659820756,
        "p_recall": 0.8396350931677019,
        "s_recall": 0.8090450310559006
      },
      "0.9": {
        "p_f1": 0.8468534865412639,
        "s_f1": 0.7527071449289374,
        "p_recall": 0.7359957298136646,
        "s_recall": 0.6044448757763975
      },
      "1.0": {
        "p_f1": 0.0,
        "s_f1": 0.0,
        "p_recall": 0.0,
        "s_recall": 0.0
      }
    },
    "0.4": {
      "0.1": {
        "p_f1": 0.8673511589016957,
        "s_f1": 0.8951909341967432,
        "p_recall": 0.9362577639751553,
        "s_recall": 0.912305900621118
      },
      "0.2": {
        "p_f1": 0.9119345456265222,
        "s_f1": 0.9098950016935211,
        "p_recall": 0.9356754658385094,
        "s_recall": 0.9125
      },
      "0.3": {
        "p_f1": 0.9338766925200473,
        "s_f1": 0.923949410806621,
        "p_recall": 0.9307453416149069,
        "s_recall": 0.9138975155279503
      },
      "0.4": {
        "p_f1": 0.9403815501588967,
        "s_f1": 0.9330587635449205,
        "p_recall": 0.9218458850931677,
        "s_recall": 0.914644798136646
      },
      "0.5": {
        "p_f1": 0.9410726993895777,
        "s_f1": 0.9380100971803724,
        "p_recall": 0.9111801242236025,
        "s_recall": 0.9123932453416149
      },
      "0.6": {
        "p_f1": 0.9374508839619341,
        "s_f1": 0.9384970877109963,
        "p_recall": 0.8972243788819876,
        "s_recall": 0.9046195652173913
      },
      "0.7": {
        "p_f1": 0.9284766440702376,
        "s_f1": 0.9283872918577895,
        "p_recall": 0.87597049689441,
        "s_recall": 0.879008152173913
      },
      "0.8": {
        "p_f1": 0.9093070598570249,
        "s_f1": 0.890765735667513,
        "p_recall": 0.8388101708074535,
        "s_recall": 0.8086180124223602
      },
      "0.9": {
        "p_f1": 0.846499262767526,
        "s_f1": 0.7525563855246936,
        "p_recall": 0.7354619565217392,
        "s_recall": 0.6042507763975156
      },
      "1.0": {
        "p_f1": 0.0,
        "s_f1": 0.0,
        "p_recall": 0.0,
        "s_recall": 0.0
      }
    },
    "0.5": {
      "0.1": {
        "p_f1": 0.8668417644095847,
        "s_f1": 0.8947172867146191,
        "p_recall": 0.9352872670807454,
        "s_recall": 0.9114324534161491
      },
      "0.2": {
        "p_f1": 0.9114197165771605,
        "s_f1": 0.9094148001490955,
        "p_recall": 0.9347049689440994,
        "s_recall": 0.911616847826087
      },
      "0.3": {
        "p_f1": 0.933367756014633,
        "s_f1": 0.9234529605779803,
        "p_recall": 0.929794254658385,
        "s_recall": 0.912985248447205
      },
      "0.4": {
        "p_f1": 0.9398725244031081,
        "s_f1": 0.9325726397947712,
        "p_recall": 0.92090450310559,
        "s_recall": 0.9137519409937889
      },
      "0.5": {
        "p_f1": 0.940568294064852,
        "s_f1": 0.937522459572769,
        "p_recall": 0.910258152173913,
        "s_recall": 0.9115003881987578
      },
      "0.6": {
        "p_f1": 0.9369496408716471,
        "s_f1": 0.9380426680634179,
        "p_recall": 0.8963218167701863,
        "s_recall": 0.9037946428571428
      },
      "0.7": {
        "p_f1": 0.9279969537766479,
        "s_f1": 0.9279917148174542,
        "p_recall": 0.8751261645962732,
        "s_recall": 0.8783093944099379
      },
      "0.8": {
        "p_f1": 0.9089225199435896,
        "s_f1": 0.8904810535377244,
        "p_recall": 0.8381599378881988,
        "s_recall": 0.8081521739130435
      },
      "0.9": {
        "p_f1": 0.8461963899643019,
        "s_f1": 0.7524131303301924,
        "p_recall": 0.7350058229813664,
        "s_recall": 0.6040663819875777
      },
      "1.0": {
        "p_f1": 0.0,
        "s_f1": 0.0,
        "p_recall": 0.0,
        "s_recall": 0.0
      }
    },
    "0.6": {
      "0.1": {
        "p_f1": 0.8663115078650877,
        "s_f1": 0.894158914137563,
        "p_recall": 0.934277950310559,
        "s_recall": 0.9104037267080746
      },
      "0.2": {
        "p_f1": 0.9108837772970209,
        "s_f1": 0.9088549108115832,
        "p_recall": 0.933695652173913,
        "s_recall": 0.9105881211180125
      },
      "0.3": {
        "p_f1": 0.9328323293759869,
        "s_f1": 0.9228925838988794,
        "p_recall": 0.9287946428571429,
        "s_recall": 0.9119565217391304
      },
      "0.4": {
        "p_f1": 0.9393577540716371,
        "s_f1": 0.9320437417315344,
        "p_recall": 0.9199534161490683,
        "s_recall": 0.9127814440993789
      },
      "0.5": {
        "p_f1": 0.9400846760439032,
        "s_f1": 0.9370237584013263,
        "p_recall": 0.909375,
        "s_recall": 0.9105881211180125
      },
      "0.6": {
        "p_f1": 0.9364749106852875,
        "s_f1": 0.9375985650441119,
        "p_recall": 0.8954677795031056,
        "s_recall": 0.9029891304347826
      },
      "0.7": {
        "p_f1": 0.9275444385530508,
        "s_f1": 0.9276343457344779,
        "p_recall": 0.8743303571428571,
        "s_recall": 0.8776785714285714
      },
      "0.8": {
        "p_f1": 0.9085377087840647,
        "s_f1": 0.8902199665210206,
        "p_recall": 0.8375097049689441,
        "s_recall": 0.8077251552795031
      },
      "0.9": {
        "p_f1": 0.8458740102039106,
        "s_f1": 0.7523000108804719,
        "p_recall": 0.7345205745341615,
        "s_recall": 0.6039208074534161
      },
      "1.0": {
        "p_f1": 0.0,
        "s_f1": 0.0,
        "p_recall": 0.0,
        "s_recall": 0.0
      }
    },
    "0.7": {
      "0.1": {
        "p_f1": 0.8654589991939877,
        "s_f1": 0.8933572436949139,
        "p_recall": 0.9326572204968944,
        "s_recall": 0.9089285714285714
      },
      "0.2": {
        "p_f1": 0.9100220775652141,
        "s_f1": 0.9080510466699948,
        "p_recall": 0.9320749223602485,
        "s_recall": 0.9091129658385093
      },
      "0.3": {
        "p_f1": 0.9319891135758392,
        "s_f1": 0.9220986004088692,
        "p_recall": 0.9272224378881988,
        "s_recall": 0.9105007763975155
      },
      "0.4": {
        "p_f1": 0.9385320282050519,
        "s_f1": 0.9312547106192234,
        "p_recall": 0.9184297360248447,
        "s_recall": 0.9113354037267081
      },
      "0.5": {
        "p_f1": 0.9392758890740777,
        "s_f1": 0.9362695129020008,
        "p_recall": 0.9078998447204969,
        "s_recall": 0.9092100155279503
      },
      "0.6": {
        "p_f1": 0.9356809490678435,
        "s_f1": 0.9369129547001438,
        "p_recall": 0.894041149068323,
        "s_recall": 0.9017468944099379
      },
      "0.7": {
        "p_f1": 0.9268207246839681,
        "s_f1": 0.9270620593396894,
        "p_recall": 0.8730590062111802,
        "s_recall": 0.8766692546583851
      },
      "0.8": {
        "p_f1": 0.9078708263761963,
        "s_f1": 0.8897687085020893,
        "p_recall": 0.8363839285714286,
        "s_recall": 0.8069875776397516
      },
      "0.9": {
        "p_f1": 0.8453384618825056,
        "s_f1": 0.7520586208147423,
        "p_recall": 0.7337150621118013,
        "s_recall": 0.603610248447205
      },
      "1.0": {
        "p_f1": 0.0,
        "s_f1": 0.0,
        "p_recall": 0.0,
        "s_recall": 0.0
      }
    },
    "0.8": {
      "0.1": {
        "p_f1": 0.8642930228574778,
        "s_f1": 0.8921631351279089,
        "p_recall": 0.9304444875776398,
        "s_recall": 0.906735248447205
      },
      "0.2": {
        "p_f1": 0.9088434212648094,
        "s_f1": 0.9068483313439497,
        "p_recall": 0.9298621894409937,
        "s_recall": 0.9069099378881987
      },
      "0.3": {
        "p_f1": 0.9308053261978818,
        "s_f1": 0.9208895011315557,
        "p_recall": 0.9250194099378882,
        "s_recall": 0.9082880434782609
      },
      "0.4": {
        "p_f1": 0.9373780696659667,
        "s_f1": 0.9300397631091673,
        "p_recall": 0.9163043478260869,
        "s_recall": 0.9091129658385093
      },
      "0.5": {
        "p_f1": 0.9381777978792903,
        "s_f1": 0.9350935203573733,
        "p_recall": 0.9059006211180124,
        "s_recall": 0.9070652173913043
      },
      "0.6": {
        "p_f1": 0.9346042397437851,
        "s_f1": 0.9358023195954335,
        "p_recall": 0.8921098602484472,
        "s_recall": 0.8997379658385093
      },
      "0.7": {
        "p_f1": 0.9257804040466542,
        "s_f1": 0.926070118850733,
        "p_recall": 0.8712344720496894,
        "s_recall": 0.8749223602484472
      },
      "0.8": {
        "p_f1": 0.90693812568862,
        "s_f1": 0.8890257091154394,
        "p_recall": 0.8348117236024845,
        "s_recall": 0.8057744565217392
      },
      "0.9": {
        "p_f1": 0.8446214693690316,
        "s_f1": 0.7516812617930233,
        "p_recall": 0.7326378105590062,
        "s_recall": 0.603125
      },
      "1.0": {
        "p_f1": 0.0,
        "s_f1": 0.0,
        "p_recall": 0.0,
        "s_recall": 0.0
      }
    },
    "0.9": {
      "0.1": {
        "p_f1": 0.8622313739834094,
        "s_f1": 0.8901282873023314,
        "p_recall": 0.9265430900621118,
        "s_recall": 0.9030085403726708
      },
      "0.2": {
        "p_f1": 0.9067590427857293,
        "s_f1": 0.9048130629864226,
        "p_recall": 0.9259607919254659,
        "s_recall": 0.9031929347826086
      },
      "0.3": {
        "p_f1": 0.9287077172966468,
        "s_f1": 0.9188523095274477,
        "p_recall": 0.9211277173913044,
        "s_recall": 0.9045710403726708
      },
      "0.4": {
        "p_f1": 0.9353062594812365,
        "s_f1": 0.9280229180758366,
        "p_recall": 0.9125,
        "s_recall": 0.9054347826086957
      },
      "0.5": {
        "p_f1": 0.9361462162026081,
        "s_f1": 0.9331134855562015,
        "p_recall": 0.9022127329192546,
        "s_recall": 0.9034646739130435
      },
      "0.6": {
        "p_f1": 0.9326291342833568,
        "s_f1": 0.9338975852445092,
        "p_recall": 0.888577251552795,
        "s_recall": 0.8963024068322981
      },
      "0.7": {
        "p_f1": 0.9238938418785317,
        "s_f1": 0.9244294010833277,
        "p_recall": 0.8679347826086956,
        "s_recall": 0.8720399844720497
      },
      "0.8": {
        "p_f1": 0.9052124693756864,
        "s_f1": 0.8877036878216124,
        "p_recall": 0.8319099378881988,
        "s_recall": 0.8036199534161491
      },
      "0.9": {
        "p_f1": 0.8433338187031665,
        "s_f1": 0.7510014401374786,
        "p_recall": 0.7307065217391304,
        "s_recall": 0.6022515527950311
      },
      "1.0": {
        "p_f1": 0.0,
        "s_f1": 0.0,
        "p_recall": 0.0,
        "s_recall": 0.0
      }
    },
    "1.0": {
      "0.1": {
        "p_f1": 0.13022247948112858,
        "s_f1": 0.13115546320011598,
        "p_recall": 0.08515139751552794,
        "s_recall": 0.07901785714285714
      },
      "0.2": {
        "p_f1": 0.14170671620693834,
        "s_f1": 0.1347992747563894,
        "p_recall": 0.08513198757763975,
        "s_recall": 0.07900815217391305
      },
      "0.3": {
        "p_f1": 0.14833919631984846,
        "s_f1": 0.13807797764063734,
        "p_recall": 0.08512228260869566,
        "s_recall": 0.07893051242236025
      },
      "0.4": {
        "p_f1": 0.15140288608513175,
        "s_f1": 0.14026368468281908,
        "p_recall": 0.08507375776397516,
        "s_recall": 0.07888198757763976
      },
      "0.5": {
        "p_f1": 0.15297737683135773,
        "s_f1": 0.14135540538180805,
        "p_recall": 0.08491847826086957,
        "s_recall": 0.07856172360248448
      },
      "0.6": {
        "p_f1": 0.15353303964757709,
        "s_f1": 0.14104101280107204,
        "p_recall": 0.08455939440993789,
        "s_recall": 0.07763004658385093
      },
      "0.7": {
        "p_f1": 0.15344525003988582,
        "s_f1": 0.13638510833623002,
        "p_recall": 0.08400621118012422,
        "s_recall": 0.07425271739130435
      },
      "0.8": {
        "p_f1": 0.15087709910729416,
        "s_f1": 0.12187748895807689,
        "p_recall": 0.08209433229813665,
        "s_recall": 0.06534355590062112
      },
      "0.9": {
        "p_f1": 0.13716965815820328,
        "s_f1": 0.0782973810875981,
        "p_recall": 0.07379658385093167,
        "s_recall": 0.04080939440993789
      },
      "1.0": {
        "p_f1": 0.0,
        "s_f1": 0.0,
        "p_recall": 0.0,
        "s_recall": 0.0
      }
    }
  }
}
